<?xml version="1.0" encoding="UTF-8"?>
<!-- Generated by org.testng.reporters.JUnitXMLReporter -->
<testsuite ignored="0" hostname="goodwork" failures="0" tests="5" name="Surefire test" time="23.412" errors="0" timestamp="2026-01-24T07:07:32 GET">
  <testcase classname="tests.AlertTest" name="confirmAlertTest" time="0.74"/>
  <testcase classname="tests.AlertTest" name="promptAlertTest" time="0.749"/>
  <testcase classname="tests.AlertTest" name="simpleAlertTest" time="0.397"/>
  <testcase classname="tests.AlertTest" name="timedAlertTest" time="5.562"/>
  <testcase classname="tests.FormTest" name="fillForm" time="6.693"/>
</testsuite> <!-- Surefire test -->
