<?xml version="1.0" encoding="UTF-8"?>
<!-- Generated by org.testng.reporters.JUnitReportReporter -->
<testsuite hostname="goodwork" failures="0" tests="4" name="tests.AlertTest" time="7.448" errors="0" timestamp="2026-01-24T07:07:32 GET" skipped="0">
  <testcase classname="tests.AlertTest" name="simpleAlertTest" time="0.397"/>
  <testcase classname="tests.AlertTest" name="timedAlertTest" time="5.562"/>
  <testcase classname="tests.AlertTest" name="promptAlertTest" time="0.749"/>
  <testcase classname="tests.AlertTest" name="confirmAlertTest" time="0.740"/>
</testsuite> <!-- tests.AlertTest -->
